<?xml version="1.0" encoding="UTF-8"?>
<testng-results ignored="0" total="2" passed="2" failed="0" skipped="0">
  <reporter-output>
  </reporter-output>
  <suite started-at="2021-08-10T01:41:20 IST" name="Default suite" finished-at="2021-08-10T01:41:27 IST" duration-ms="6097">
    <groups>
    </groups>
    <test started-at="2021-08-10T01:41:20 IST" name="Default test" finished-at="2021-08-10T01:41:27 IST" duration-ms="6097">
      <class name="assignment.SwaggerDoc">
        <test-method signature="testCase1()[pri:0, instance:assignment.SwaggerDoc@3514a4c0]" started-at="2021-08-10T01:41:20 IST" name="testCase1" finished-at="2021-08-10T01:41:24 IST" duration-ms="3250" status="PASS">
          <reporter-output>
          </reporter-output>
        </test-method> <!-- testCase1 -->
        <test-method signature="testCase2()[pri:0, instance:assignment.SwaggerDoc@3514a4c0]" started-at="2021-08-10T01:41:24 IST" name="testCase2" finished-at="2021-08-10T01:41:27 IST" duration-ms="2792" status="PASS">
          <reporter-output>
          </reporter-output>
        </test-method> <!-- testCase2 -->
      </class> <!-- assignment.SwaggerDoc -->
    </test> <!-- Default test -->
  </suite> <!-- Default suite -->
</testng-results>
